2022-12-17T19:54:08.393+07:00  INFO 7752 --- [restartedMain] c.s.admin.ShopTqkBackendApplication      : Starting ShopTqkBackendApplication using Java 17.0.5 with PID 7752 (D:\ShopTqkEcommerce\ShopTqkProject\ShopTqkWebParent\ShopTqkBackend\target\classes started by quock in D:\ShopTqkEcommerce\ShopTqkProject\ShopTqkWebParent\ShopTqkBackend)
2022-12-17T19:54:08.395+07:00  INFO 7752 --- [restartedMain] c.s.admin.ShopTqkBackendApplication      : No active profile set, falling back to 1 default profile: "default"
2022-12-17T19:54:08.443+07:00  INFO 7752 --- [restartedMain] .e.DevToolsPropertyDefaultsPostProcessor : Devtools property defaults active! Set 'spring.devtools.add-properties' to 'false' to disable
2022-12-17T19:54:08.448+07:00  INFO 7752 --- [restartedMain] .e.DevToolsPropertyDefaultsPostProcessor : For additional web related logging consider setting the 'logging.level.web' property to 'DEBUG'
2022-12-17T19:54:09.017+07:00  INFO 7752 --- [restartedMain] .s.d.r.c.RepositoryConfigurationDelegate : Bootstrapping Spring Data JPA repositories in DEFAULT mode.
2022-12-17T19:54:09.076+07:00  INFO 7752 --- [restartedMain] .s.d.r.c.RepositoryConfigurationDelegate : Finished Spring Data repository scanning in 48 ms. Found 2 JPA repository interfaces.
2022-12-17T19:54:09.653+07:00  INFO 7752 --- [restartedMain] o.s.b.w.embedded.tomcat.TomcatWebServer  : Tomcat initialized with port(s): 8081 (http)
2022-12-17T19:54:09.662+07:00  INFO 7752 --- [restartedMain] o.apache.catalina.core.StandardService   : Starting service [Tomcat]
2022-12-17T19:54:09.662+07:00  INFO 7752 --- [restartedMain] o.apache.catalina.core.StandardEngine    : Starting Servlet engine: [Apache Tomcat/10.1.1]
2022-12-17T19:54:09.713+07:00  INFO 7752 --- [restartedMain] o.a.c.c.C.[.[localhost].[/ShopTqkAdmin]  : Initializing Spring embedded WebApplicationContext
2022-12-17T19:54:09.713+07:00  INFO 7752 --- [restartedMain] w.s.c.ServletWebServerApplicationContext : Root WebApplicationContext: initialization completed in 1265 ms
2022-12-17T19:54:09.859+07:00  INFO 7752 --- [restartedMain] o.hibernate.jpa.internal.util.LogHelper  : HHH000204: Processing PersistenceUnitInfo [name: default]
2022-12-17T19:54:09.905+07:00  INFO 7752 --- [restartedMain] org.hibernate.Version                    : HHH000412: Hibernate ORM core version 6.1.5.Final
2022-12-17T19:54:10.038+07:00  WARN 7752 --- [restartedMain] org.hibernate.orm.deprecation            : HHH90000021: Encountered deprecated setting [javax.persistence.sharedCache.mode], use [jakarta.persistence.sharedCache.mode] instead
2022-12-17T19:54:10.178+07:00  INFO 7752 --- [restartedMain] com.zaxxer.hikari.HikariDataSource       : HikariPool-1 - Starting...
2022-12-17T19:54:10.529+07:00  INFO 7752 --- [restartedMain] com.zaxxer.hikari.pool.HikariPool        : HikariPool-1 - Added connection com.mysql.cj.jdbc.ConnectionImpl@7a90d295
2022-12-17T19:54:10.532+07:00  INFO 7752 --- [restartedMain] com.zaxxer.hikari.HikariDataSource       : HikariPool-1 - Start completed.
2022-12-17T19:54:10.553+07:00  INFO 7752 --- [restartedMain] SQL dialect                              : HHH000400: Using dialect: org.hibernate.dialect.MySQL8Dialect
2022-12-17T19:54:10.553+07:00  WARN 7752 --- [restartedMain] org.hibernate.orm.deprecation            : HHH90000026: MySQL8Dialect has been deprecated; use org.hibernate.dialect.MySQLDialect instead
2022-12-17T19:54:11.371+07:00  INFO 7752 --- [restartedMain] o.h.e.t.j.p.i.JtaPlatformInitiator       : HHH000490: Using JtaPlatform implementation: [org.hibernate.engine.transaction.jta.platform.internal.NoJtaPlatform]
2022-12-17T19:54:11.380+07:00  INFO 7752 --- [restartedMain] j.LocalContainerEntityManagerFactoryBean : Initialized JPA EntityManagerFactory for persistence unit 'default'
2022-12-17T19:54:12.017+07:00  WARN 7752 --- [restartedMain] JpaBaseConfiguration$JpaWebConfiguration : spring.jpa.open-in-view is enabled by default. Therefore, database queries may be performed during view rendering. Explicitly configure spring.jpa.open-in-view to disable this warning
2022-12-17T19:54:12.117+07:00  INFO 7752 --- [restartedMain] o.s.b.a.w.s.WelcomePageHandlerMapping    : Adding welcome page template: index
2022-12-17T19:54:12.567+07:00  INFO 7752 --- [restartedMain] o.s.s.web.DefaultSecurityFilterChain     : Will secure any request with [org.springframework.security.web.session.DisableEncodeUrlFilter@2703a797, org.springframework.security.web.context.request.async.WebAsyncManagerIntegrationFilter@4fd28810, org.springframework.security.web.context.SecurityContextHolderFilter@4b650808, org.springframework.security.web.header.HeaderWriterFilter@33d2e0ed, org.springframework.security.web.csrf.CsrfFilter@1774dbd2, org.springframework.security.web.authentication.logout.LogoutFilter@22020f3b, org.springframework.security.web.authentication.UsernamePasswordAuthenticationFilter@5f04377e, org.springframework.security.web.savedrequest.RequestCacheAwareFilter@dee4ae1, org.springframework.security.web.servletapi.SecurityContextHolderAwareRequestFilter@7db22e06, org.springframework.security.web.authentication.rememberme.RememberMeAuthenticationFilter@432bd571, org.springframework.security.web.authentication.AnonymousAuthenticationFilter@52cf4cc6, org.springframework.security.web.access.ExceptionTranslationFilter@2c64258, org.springframework.security.web.access.intercept.FilterSecurityInterceptor@5154bd56]
2022-12-17T19:54:12.797+07:00  INFO 7752 --- [restartedMain] o.s.b.d.a.OptionalLiveReloadServer       : LiveReload server is running on port 35729
2022-12-17T19:54:12.840+07:00  INFO 7752 --- [restartedMain] o.s.b.w.embedded.tomcat.TomcatWebServer  : Tomcat started on port(s): 8081 (http) with context path '/ShopTqkAdmin'
2022-12-17T19:54:12.850+07:00  INFO 7752 --- [restartedMain] c.s.admin.ShopTqkBackendApplication      : Started ShopTqkBackendApplication in 4.822 seconds (process running for 5.49)
2022-12-17T19:54:38.346+07:00  INFO 7752 --- [RMI TCP Connection(10)-127.0.0.1] inMXBeanRegistrar$SpringApplicationAdmin : Application shutdown requested.
2022-12-17T19:54:38.363+07:00  INFO 7752 --- [RMI TCP Connection(10)-127.0.0.1] o.apache.catalina.core.StandardService   : Stopping service [Tomcat]
2022-12-17T19:54:38.370+07:00  INFO 7752 --- [RMI TCP Connection(10)-127.0.0.1] j.LocalContainerEntityManagerFactoryBean : Closing JPA EntityManagerFactory for persistence unit 'default'
2022-12-17T19:54:38.375+07:00  INFO 7752 --- [RMI TCP Connection(10)-127.0.0.1] com.zaxxer.hikari.HikariDataSource       : HikariPool-1 - Shutdown initiated...
2022-12-17T19:54:38.380+07:00  INFO 7752 --- [RMI TCP Connection(10)-127.0.0.1] com.zaxxer.hikari.HikariDataSource       : HikariPool-1 - Shutdown completed.
2022-12-17T19:57:58.187+07:00  INFO 12784 --- [restartedMain] c.s.admin.ShopTqkBackendApplication      : Starting ShopTqkBackendApplication using Java 17.0.5 with PID 12784 (D:\ShopTqkEcommerce\ShopTqkProject\ShopTqkWebParent\ShopTqkBackend\target\classes started by quock in D:\ShopTqkEcommerce\ShopTqkProject\ShopTqkWebParent\ShopTqkBackend)
2022-12-17T19:57:58.190+07:00  INFO 12784 --- [restartedMain] c.s.admin.ShopTqkBackendApplication      : No active profile set, falling back to 1 default profile: "default"
2022-12-17T19:57:58.244+07:00  INFO 12784 --- [restartedMain] .e.DevToolsPropertyDefaultsPostProcessor : Devtools property defaults active! Set 'spring.devtools.add-properties' to 'false' to disable
2022-12-17T19:57:58.245+07:00  INFO 12784 --- [restartedMain] .e.DevToolsPropertyDefaultsPostProcessor : For additional web related logging consider setting the 'logging.level.web' property to 'DEBUG'
2022-12-17T19:57:58.745+07:00  INFO 12784 --- [restartedMain] .s.d.r.c.RepositoryConfigurationDelegate : Bootstrapping Spring Data JPA repositories in DEFAULT mode.
2022-12-17T19:57:58.798+07:00  INFO 12784 --- [restartedMain] .s.d.r.c.RepositoryConfigurationDelegate : Finished Spring Data repository scanning in 45 ms. Found 2 JPA repository interfaces.
2022-12-17T19:57:59.285+07:00  INFO 12784 --- [restartedMain] o.s.b.w.embedded.tomcat.TomcatWebServer  : Tomcat initialized with port(s): 8081 (http)
2022-12-17T19:57:59.296+07:00  INFO 12784 --- [restartedMain] o.apache.catalina.core.StandardService   : Starting service [Tomcat]
2022-12-17T19:57:59.297+07:00  INFO 12784 --- [restartedMain] o.apache.catalina.core.StandardEngine    : Starting Servlet engine: [Apache Tomcat/10.1.1]
2022-12-17T19:57:59.345+07:00  INFO 12784 --- [restartedMain] o.a.c.c.C.[.[localhost].[/ShopTqkAdmin]  : Initializing Spring embedded WebApplicationContext
2022-12-17T19:57:59.346+07:00  INFO 12784 --- [restartedMain] w.s.c.ServletWebServerApplicationContext : Root WebApplicationContext: initialization completed in 1100 ms
2022-12-17T19:57:59.468+07:00  INFO 12784 --- [restartedMain] o.hibernate.jpa.internal.util.LogHelper  : HHH000204: Processing PersistenceUnitInfo [name: default]
2022-12-17T19:57:59.505+07:00  INFO 12784 --- [restartedMain] org.hibernate.Version                    : HHH000412: Hibernate ORM core version 6.1.5.Final
2022-12-17T19:57:59.630+07:00  WARN 12784 --- [restartedMain] org.hibernate.orm.deprecation            : HHH90000021: Encountered deprecated setting [javax.persistence.sharedCache.mode], use [jakarta.persistence.sharedCache.mode] instead
2022-12-17T19:57:59.724+07:00  INFO 12784 --- [restartedMain] com.zaxxer.hikari.HikariDataSource       : HikariPool-1 - Starting...
2022-12-17T19:57:59.985+07:00  INFO 12784 --- [restartedMain] com.zaxxer.hikari.pool.HikariPool        : HikariPool-1 - Added connection com.mysql.cj.jdbc.ConnectionImpl@229f9959
2022-12-17T19:57:59.988+07:00  INFO 12784 --- [restartedMain] com.zaxxer.hikari.HikariDataSource       : HikariPool-1 - Start completed.
2022-12-17T19:58:00.014+07:00  INFO 12784 --- [restartedMain] SQL dialect                              : HHH000400: Using dialect: org.hibernate.dialect.MySQL8Dialect
2022-12-17T19:58:00.014+07:00  WARN 12784 --- [restartedMain] org.hibernate.orm.deprecation            : HHH90000026: MySQL8Dialect has been deprecated; use org.hibernate.dialect.MySQLDialect instead
2022-12-17T19:58:00.730+07:00  INFO 12784 --- [restartedMain] o.h.e.t.j.p.i.JtaPlatformInitiator       : HHH000490: Using JtaPlatform implementation: [org.hibernate.engine.transaction.jta.platform.internal.NoJtaPlatform]
2022-12-17T19:58:00.738+07:00  INFO 12784 --- [restartedMain] j.LocalContainerEntityManagerFactoryBean : Initialized JPA EntityManagerFactory for persistence unit 'default'
2022-12-17T19:58:01.258+07:00  WARN 12784 --- [restartedMain] JpaBaseConfiguration$JpaWebConfiguration : spring.jpa.open-in-view is enabled by default. Therefore, database queries may be performed during view rendering. Explicitly configure spring.jpa.open-in-view to disable this warning
2022-12-17T19:58:01.354+07:00  INFO 12784 --- [restartedMain] o.s.b.a.w.s.WelcomePageHandlerMapping    : Adding welcome page template: index
2022-12-17T19:58:01.814+07:00  INFO 12784 --- [restartedMain] o.s.s.web.DefaultSecurityFilterChain     : Will secure any request with [org.springframework.security.web.session.DisableEncodeUrlFilter@4fcc5fcd, org.springframework.security.web.context.request.async.WebAsyncManagerIntegrationFilter@51649939, org.springframework.security.web.context.SecurityContextHolderFilter@14501448, org.springframework.security.web.header.HeaderWriterFilter@22020f3b, org.springframework.security.web.csrf.CsrfFilter@1ef44cf0, org.springframework.security.web.authentication.logout.LogoutFilter@38e424c0, org.springframework.security.web.authentication.UsernamePasswordAuthenticationFilter@3a0d0fe1, org.springframework.security.web.savedrequest.RequestCacheAwareFilter@209a4002, org.springframework.security.web.servletapi.SecurityContextHolderAwareRequestFilter@5f512719, org.springframework.security.web.authentication.rememberme.RememberMeAuthenticationFilter@225db29d, org.springframework.security.web.authentication.AnonymousAuthenticationFilter@1ee200d2, org.springframework.security.web.access.ExceptionTranslationFilter@78b3d8c8, org.springframework.security.web.access.intercept.FilterSecurityInterceptor@209c293f]
2022-12-17T19:58:01.998+07:00  INFO 12784 --- [restartedMain] o.s.b.d.a.OptionalLiveReloadServer       : LiveReload server is running on port 35729
2022-12-17T19:58:02.036+07:00  INFO 12784 --- [restartedMain] o.s.b.w.embedded.tomcat.TomcatWebServer  : Tomcat started on port(s): 8081 (http) with context path '/ShopTqkAdmin'
2022-12-17T19:58:02.045+07:00  INFO 12784 --- [restartedMain] c.s.admin.ShopTqkBackendApplication      : Started ShopTqkBackendApplication in 4.21 seconds (process running for 4.885)
2022-12-17T19:59:29.661+07:00  INFO 12784 --- [RMI TCP Connection(11)-127.0.0.1] inMXBeanRegistrar$SpringApplicationAdmin : Application shutdown requested.
2022-12-17T19:59:29.689+07:00  INFO 12784 --- [RMI TCP Connection(11)-127.0.0.1] o.apache.catalina.core.StandardService   : Stopping service [Tomcat]
2022-12-17T19:59:29.695+07:00  INFO 12784 --- [RMI TCP Connection(11)-127.0.0.1] j.LocalContainerEntityManagerFactoryBean : Closing JPA EntityManagerFactory for persistence unit 'default'
2022-12-17T19:59:29.698+07:00  INFO 12784 --- [RMI TCP Connection(11)-127.0.0.1] com.zaxxer.hikari.HikariDataSource       : HikariPool-1 - Shutdown initiated...
2022-12-17T19:59:29.705+07:00  INFO 12784 --- [RMI TCP Connection(11)-127.0.0.1] com.zaxxer.hikari.HikariDataSource       : HikariPool-1 - Shutdown completed.
2022-12-17T20:04:00.919+07:00  INFO 10720 --- [restartedMain] c.s.admin.ShopTqkBackendApplication      : Starting ShopTqkBackendApplication using Java 17.0.5 with PID 10720 (D:\ShopTqkEcommerce\ShopTqkProject\ShopTqkWebParent\ShopTqkBackend\target\classes started by quock in D:\ShopTqkEcommerce\ShopTqkProject\ShopTqkWebParent\ShopTqkBackend)
2022-12-17T20:04:00.921+07:00  INFO 10720 --- [restartedMain] c.s.admin.ShopTqkBackendApplication      : No active profile set, falling back to 1 default profile: "default"
2022-12-17T20:04:00.963+07:00  INFO 10720 --- [restartedMain] .e.DevToolsPropertyDefaultsPostProcessor : Devtools property defaults active! Set 'spring.devtools.add-properties' to 'false' to disable
2022-12-17T20:04:00.963+07:00  INFO 10720 --- [restartedMain] .e.DevToolsPropertyDefaultsPostProcessor : For additional web related logging consider setting the 'logging.level.web' property to 'DEBUG'
2022-12-17T20:04:01.455+07:00  INFO 10720 --- [restartedMain] .s.d.r.c.RepositoryConfigurationDelegate : Bootstrapping Spring Data JPA repositories in DEFAULT mode.
2022-12-17T20:04:01.507+07:00  INFO 10720 --- [restartedMain] .s.d.r.c.RepositoryConfigurationDelegate : Finished Spring Data repository scanning in 45 ms. Found 2 JPA repository interfaces.
2022-12-17T20:04:02.007+07:00  INFO 10720 --- [restartedMain] o.s.b.w.embedded.tomcat.TomcatWebServer  : Tomcat initialized with port(s): 8081 (http)
2022-12-17T20:04:02.017+07:00  INFO 10720 --- [restartedMain] o.apache.catalina.core.StandardService   : Starting service [Tomcat]
2022-12-17T20:04:02.017+07:00  INFO 10720 --- [restartedMain] o.apache.catalina.core.StandardEngine    : Starting Servlet engine: [Apache Tomcat/10.1.1]
2022-12-17T20:04:02.077+07:00  INFO 10720 --- [restartedMain] o.a.c.c.C.[.[localhost].[/ShopTqkAdmin]  : Initializing Spring embedded WebApplicationContext
2022-12-17T20:04:02.078+07:00  INFO 10720 --- [restartedMain] w.s.c.ServletWebServerApplicationContext : Root WebApplicationContext: initialization completed in 1114 ms
2022-12-17T20:04:02.203+07:00  INFO 10720 --- [restartedMain] o.hibernate.jpa.internal.util.LogHelper  : HHH000204: Processing PersistenceUnitInfo [name: default]
2022-12-17T20:04:02.242+07:00  INFO 10720 --- [restartedMain] org.hibernate.Version                    : HHH000412: Hibernate ORM core version 6.1.5.Final
2022-12-17T20:04:02.370+07:00  WARN 10720 --- [restartedMain] org.hibernate.orm.deprecation            : HHH90000021: Encountered deprecated setting [javax.persistence.sharedCache.mode], use [jakarta.persistence.sharedCache.mode] instead
2022-12-17T20:04:02.459+07:00  INFO 10720 --- [restartedMain] com.zaxxer.hikari.HikariDataSource       : HikariPool-1 - Starting...
2022-12-17T20:04:02.710+07:00  INFO 10720 --- [restartedMain] com.zaxxer.hikari.pool.HikariPool        : HikariPool-1 - Added connection com.mysql.cj.jdbc.ConnectionImpl@47082565
2022-12-17T20:04:02.713+07:00  INFO 10720 --- [restartedMain] com.zaxxer.hikari.HikariDataSource       : HikariPool-1 - Start completed.
2022-12-17T20:04:02.729+07:00  INFO 10720 --- [restartedMain] SQL dialect                              : HHH000400: Using dialect: org.hibernate.dialect.MySQL8Dialect
2022-12-17T20:04:02.729+07:00  WARN 10720 --- [restartedMain] org.hibernate.orm.deprecation            : HHH90000026: MySQL8Dialect has been deprecated; use org.hibernate.dialect.MySQLDialect instead
2022-12-17T20:04:03.457+07:00  INFO 10720 --- [restartedMain] o.h.e.t.j.p.i.JtaPlatformInitiator       : HHH000490: Using JtaPlatform implementation: [org.hibernate.engine.transaction.jta.platform.internal.NoJtaPlatform]
2022-12-17T20:04:03.466+07:00  INFO 10720 --- [restartedMain] j.LocalContainerEntityManagerFactoryBean : Initialized JPA EntityManagerFactory for persistence unit 'default'
2022-12-17T20:04:03.967+07:00  WARN 10720 --- [restartedMain] JpaBaseConfiguration$JpaWebConfiguration : spring.jpa.open-in-view is enabled by default. Therefore, database queries may be performed during view rendering. Explicitly configure spring.jpa.open-in-view to disable this warning
2022-12-17T20:04:04.054+07:00  INFO 10720 --- [restartedMain] o.s.b.a.w.s.WelcomePageHandlerMapping    : Adding welcome page template: index
2022-12-17T20:04:04.496+07:00  INFO 10720 --- [restartedMain] o.s.s.web.DefaultSecurityFilterChain     : Will secure any request with [org.springframework.security.web.session.DisableEncodeUrlFilter@108bee7c, org.springframework.security.web.context.request.async.WebAsyncManagerIntegrationFilter@6a789755, org.springframework.security.web.context.SecurityContextHolderFilter@3395ed78, org.springframework.security.web.header.HeaderWriterFilter@566379b4, org.springframework.security.web.csrf.CsrfFilter@7154c8e5, org.springframework.security.web.authentication.logout.LogoutFilter@34b0259f, org.springframework.security.web.authentication.UsernamePasswordAuthenticationFilter@7a975b33, org.springframework.security.web.savedrequest.RequestCacheAwareFilter@1eeedc80, org.springframework.security.web.servletapi.SecurityContextHolderAwareRequestFilter@137640ee, org.springframework.security.web.authentication.rememberme.RememberMeAuthenticationFilter@67953b59, org.springframework.security.web.authentication.AnonymousAuthenticationFilter@24f926b0, org.springframework.security.web.access.ExceptionTranslationFilter@3b6e4c7b, org.springframework.security.web.access.intercept.FilterSecurityInterceptor@178f6b6a]
2022-12-17T20:04:04.680+07:00  INFO 10720 --- [restartedMain] o.s.b.d.a.OptionalLiveReloadServer       : LiveReload server is running on port 35729
2022-12-17T20:04:04.719+07:00  INFO 10720 --- [restartedMain] o.s.b.w.embedded.tomcat.TomcatWebServer  : Tomcat started on port(s): 8081 (http) with context path '/ShopTqkAdmin'
2022-12-17T20:04:04.728+07:00  INFO 10720 --- [restartedMain] c.s.admin.ShopTqkBackendApplication      : Started ShopTqkBackendApplication in 4.154 seconds (process running for 4.799)
2022-12-17T20:04:15.508+07:00  INFO 10720 --- [http-nio-8081-exec-2] o.a.c.c.C.[.[localhost].[/ShopTqkAdmin]  : Initializing Spring DispatcherServlet 'dispatcherServlet'
2022-12-17T20:04:15.509+07:00  INFO 10720 --- [http-nio-8081-exec-2] o.s.web.servlet.DispatcherServlet        : Initializing Servlet 'dispatcherServlet'
2022-12-17T20:04:15.510+07:00  INFO 10720 --- [http-nio-8081-exec-2] o.s.web.servlet.DispatcherServlet        : Completed initialization in 1 ms
2022-12-17T20:04:24.041+07:00  WARN 10720 --- [http-nio-8081-exec-6] actStandardFragmentInsertionTagProcessor : [THYMELEAF][http-nio-8081-exec-6][index] Deprecated unwrapped fragment expression "fragments :: page_head('Home - ShopTqk Admin')" found in template index, line 4, col 8. Please use the complete syntax of fragment expressions instead ("~{fragments :: page_head('Home - ShopTqk Admin')}"). The old, unwrapped syntax for fragment expressions will be removed in future versions of Thymeleaf.
2022-12-17T20:04:24.065+07:00  WARN 10720 --- [http-nio-8081-exec-6] actStandardFragmentInsertionTagProcessor : [THYMELEAF][http-nio-8081-exec-6][index] Deprecated unwrapped fragment expression "navigation :: menu" found in template index, line 8, col 9. Please use the complete syntax of fragment expressions instead ("~{navigation :: menu}"). The old, unwrapped syntax for fragment expressions will be removed in future versions of Thymeleaf.
2022-12-17T20:04:35.924+07:00  WARN 10720 --- [http-nio-8081-exec-1] actStandardFragmentInsertionTagProcessor : [THYMELEAF][http-nio-8081-exec-1][users/users] Deprecated unwrapped fragment expression "fragments :: page_head('Users - ShopTqk Admin')" found in template users/users, line 3, col 8. Please use the complete syntax of fragment expressions instead ("~{fragments :: page_head('Users - ShopTqk Admin')}"). The old, unwrapped syntax for fragment expressions will be removed in future versions of Thymeleaf.
2022-12-17T20:04:35.929+07:00  WARN 10720 --- [http-nio-8081-exec-1] actStandardFragmentInsertionTagProcessor : [THYMELEAF][http-nio-8081-exec-1][users/users] Deprecated unwrapped fragment expression "navigation :: menu" found in template users/users, line 6, col 9. Please use the complete syntax of fragment expressions instead ("~{navigation :: menu}"). The old, unwrapped syntax for fragment expressions will be removed in future versions of Thymeleaf.
2022-12-17T20:04:35.962+07:00  WARN 10720 --- [http-nio-8081-exec-1] actStandardFragmentInsertionTagProcessor : [THYMELEAF][http-nio-8081-exec-1][users/users] Deprecated unwrapped fragment expression "fragments :: column_link('id','User ID')" found in template users/users, line 41, col 12. Please use the complete syntax of fragment expressions instead ("~{fragments :: column_link('id','User ID')}"). The old, unwrapped syntax for fragment expressions will be removed in future versions of Thymeleaf.
2022-12-17T20:04:35.974+07:00  WARN 10720 --- [http-nio-8081-exec-1] actStandardFragmentInsertionTagProcessor : [THYMELEAF][http-nio-8081-exec-1][users/users] Deprecated unwrapped fragment expression "fragments :: column_link('email','Email')" found in template users/users, line 43, col 12. Please use the complete syntax of fragment expressions instead ("~{fragments :: column_link('email','Email')}"). The old, unwrapped syntax for fragment expressions will be removed in future versions of Thymeleaf.
2022-12-17T20:04:35.977+07:00  WARN 10720 --- [http-nio-8081-exec-1] actStandardFragmentInsertionTagProcessor : [THYMELEAF][http-nio-8081-exec-1][users/users] Deprecated unwrapped fragment expression "fragments :: column_link('firstName','First Name')" found in template users/users, line 44, col 12. Please use the complete syntax of fragment expressions instead ("~{fragments :: column_link('firstName','First Name')}"). The old, unwrapped syntax for fragment expressions will be removed in future versions of Thymeleaf.
2022-12-17T20:04:35.979+07:00  WARN 10720 --- [http-nio-8081-exec-1] actStandardFragmentInsertionTagProcessor : [THYMELEAF][http-nio-8081-exec-1][users/users] Deprecated unwrapped fragment expression "fragments :: column_link('lastName','Last Name')" found in template users/users, line 45, col 12. Please use the complete syntax of fragment expressions instead ("~{fragments :: column_link('lastName','Last Name')}"). The old, unwrapped syntax for fragment expressions will be removed in future versions of Thymeleaf.
2022-12-17T20:04:35.981+07:00  WARN 10720 --- [http-nio-8081-exec-1] actStandardFragmentInsertionTagProcessor : [THYMELEAF][http-nio-8081-exec-1][users/users] Deprecated unwrapped fragment expression "fragments :: column_link('enabled','Enabled')" found in template users/users, line 47, col 12. Please use the complete syntax of fragment expressions instead ("~{fragments :: column_link('enabled','Enabled')}"). The old, unwrapped syntax for fragment expressions will be removed in future versions of Thymeleaf.
2022-12-17T20:04:36.013+07:00  WARN 10720 --- [http-nio-8081-exec-1] actStandardFragmentInsertionTagProcessor : [THYMELEAF][http-nio-8081-exec-1][users/users] Deprecated unwrapped fragment expression "fragments :: page_link(1, 'First')" found in template users/users, line 98, col 11. Please use the complete syntax of fragment expressions instead ("~{fragments :: page_link(1, 'First')}"). The old, unwrapped syntax for fragment expressions will be removed in future versions of Thymeleaf.
2022-12-17T20:04:36.018+07:00  WARN 10720 --- [http-nio-8081-exec-1] actStandardFragmentInsertionTagProcessor : [THYMELEAF][http-nio-8081-exec-1][users/users] Deprecated unwrapped fragment expression "fragments :: page_link(${currentPage - 1}, 'Previous')" found in template users/users, line 102, col 11. Please use the complete syntax of fragment expressions instead ("~{fragments :: page_link(${currentPage - 1}, 'Previous')}"). The old, unwrapped syntax for fragment expressions will be removed in future versions of Thymeleaf.
2022-12-17T20:04:36.027+07:00  WARN 10720 --- [http-nio-8081-exec-1] actStandardFragmentInsertionTagProcessor : [THYMELEAF][http-nio-8081-exec-1][users/users] Deprecated unwrapped fragment expression "fragments :: page_link(${i}, ${i})" found in template users/users, line 107, col 11. Please use the complete syntax of fragment expressions instead ("~{fragments :: page_link(${i}, ${i})}"). The old, unwrapped syntax for fragment expressions will be removed in future versions of Thymeleaf.
2022-12-17T20:04:36.029+07:00  WARN 10720 --- [http-nio-8081-exec-1] actStandardFragmentInsertionTagProcessor : [THYMELEAF][http-nio-8081-exec-1][users/users] Deprecated unwrapped fragment expression "fragments :: page_link(${i}, ${i})" found in template users/users, line 107, col 11. Please use the complete syntax of fragment expressions instead ("~{fragments :: page_link(${i}, ${i})}"). The old, unwrapped syntax for fragment expressions will be removed in future versions of Thymeleaf.
2022-12-17T20:04:36.031+07:00  WARN 10720 --- [http-nio-8081-exec-1] actStandardFragmentInsertionTagProcessor : [THYMELEAF][http-nio-8081-exec-1][users/users] Deprecated unwrapped fragment expression "fragments :: page_link(${i}, ${i})" found in template users/users, line 107, col 11. Please use the complete syntax of fragment expressions instead ("~{fragments :: page_link(${i}, ${i})}"). The old, unwrapped syntax for fragment expressions will be removed in future versions of Thymeleaf.
2022-12-17T20:04:36.035+07:00  WARN 10720 --- [http-nio-8081-exec-1] actStandardFragmentInsertionTagProcessor : [THYMELEAF][http-nio-8081-exec-1][users/users] Deprecated unwrapped fragment expression "fragments :: page_link(${i}, ${i})" found in template users/users, line 107, col 11. Please use the complete syntax of fragment expressions instead ("~{fragments :: page_link(${i}, ${i})}"). The old, unwrapped syntax for fragment expressions will be removed in future versions of Thymeleaf.
2022-12-17T20:04:36.037+07:00  WARN 10720 --- [http-nio-8081-exec-1] actStandardFragmentInsertionTagProcessor : [THYMELEAF][http-nio-8081-exec-1][users/users] Deprecated unwrapped fragment expression "fragments :: page_link(${i}, ${i})" found in template users/users, line 107, col 11. Please use the complete syntax of fragment expressions instead ("~{fragments :: page_link(${i}, ${i})}"). The old, unwrapped syntax for fragment expressions will be removed in future versions of Thymeleaf.
2022-12-17T20:04:36.040+07:00  WARN 10720 --- [http-nio-8081-exec-1] actStandardFragmentInsertionTagProcessor : [THYMELEAF][http-nio-8081-exec-1][users/users] Deprecated unwrapped fragment expression "fragments :: page_link(${currentPage + 1}, 'Next')" found in template users/users, line 111, col 11. Please use the complete syntax of fragment expressions instead ("~{fragments :: page_link(${currentPage + 1}, 'Next')}"). The old, unwrapped syntax for fragment expressions will be removed in future versions of Thymeleaf.
2022-12-17T20:04:36.042+07:00  WARN 10720 --- [http-nio-8081-exec-1] actStandardFragmentInsertionTagProcessor : [THYMELEAF][http-nio-8081-exec-1][users/users] Deprecated unwrapped fragment expression "fragments :: page_link(${totalPage}, 'Last')" found in template users/users, line 114, col 11. Please use the complete syntax of fragment expressions instead ("~{fragments :: page_link(${totalPage}, 'Last')}"). The old, unwrapped syntax for fragment expressions will be removed in future versions of Thymeleaf.
2022-12-17T20:04:37.207+07:00  WARN 10720 --- [http-nio-8081-exec-6] actStandardFragmentInsertionTagProcessor : [THYMELEAF][http-nio-8081-exec-6][users/user_form] Deprecated unwrapped fragment expression "fragments :: page_head(${pageTitle})" found in template users/user_form, line 3, col 8. Please use the complete syntax of fragment expressions instead ("~{fragments :: page_head(${pageTitle})}"). The old, unwrapped syntax for fragment expressions will be removed in future versions of Thymeleaf.
2022-12-17T20:04:37.210+07:00  WARN 10720 --- [http-nio-8081-exec-6] actStandardFragmentInsertionTagProcessor : [THYMELEAF][http-nio-8081-exec-6][users/user_form] Deprecated unwrapped fragment expression "navigation :: menu" found in template users/user_form, line 6, col 9. Please use the complete syntax of fragment expressions instead ("~{navigation :: menu}"). The old, unwrapped syntax for fragment expressions will be removed in future versions of Thymeleaf.
2022-12-17T20:05:23.930+07:00 ERROR 10720 --- [http-nio-8081-exec-8] com.shoptqk.admin.FileUploadUtil         : Could not list directory: user-photos\24
2022-12-17T20:05:23.974+07:00  WARN 10720 --- [http-nio-8081-exec-8] actStandardFragmentInsertionTagProcessor : [THYMELEAF][http-nio-8081-exec-8][users/users] Deprecated unwrapped fragment expression "fragments :: page_head('Users - ShopTqk Admin')" found in template users/users, line 3, col 8. Please use the complete syntax of fragment expressions instead ("~{fragments :: page_head('Users - ShopTqk Admin')}"). The old, unwrapped syntax for fragment expressions will be removed in future versions of Thymeleaf.
2022-12-17T20:05:23.977+07:00  WARN 10720 --- [http-nio-8081-exec-8] actStandardFragmentInsertionTagProcessor : [THYMELEAF][http-nio-8081-exec-8][users/users] Deprecated unwrapped fragment expression "navigation :: menu" found in template users/users, line 6, col 9. Please use the complete syntax of fragment expressions instead ("~{navigation :: menu}"). The old, unwrapped syntax for fragment expressions will be removed in future versions of Thymeleaf.
2022-12-17T20:05:24.014+07:00  WARN 10720 --- [http-nio-8081-exec-8] actStandardFragmentInsertionTagProcessor : [THYMELEAF][http-nio-8081-exec-8][users/users] Deprecated unwrapped fragment expression "fragments :: column_link('id','User ID')" found in template users/users, line 41, col 12. Please use the complete syntax of fragment expressions instead ("~{fragments :: column_link('id','User ID')}"). The old, unwrapped syntax for fragment expressions will be removed in future versions of Thymeleaf.
2022-12-17T20:05:24.016+07:00  WARN 10720 --- [http-nio-8081-exec-8] actStandardFragmentInsertionTagProcessor : [THYMELEAF][http-nio-8081-exec-8][users/users] Deprecated unwrapped fragment expression "fragments :: column_link('email','Email')" found in template users/users, line 43, col 12. Please use the complete syntax of fragment expressions instead ("~{fragments :: column_link('email','Email')}"). The old, unwrapped syntax for fragment expressions will be removed in future versions of Thymeleaf.
2022-12-17T20:05:24.018+07:00  WARN 10720 --- [http-nio-8081-exec-8] actStandardFragmentInsertionTagProcessor : [THYMELEAF][http-nio-8081-exec-8][users/users] Deprecated unwrapped fragment expression "fragments :: column_link('firstName','First Name')" found in template users/users, line 44, col 12. Please use the complete syntax of fragment expressions instead ("~{fragments :: column_link('firstName','First Name')}"). The old, unwrapped syntax for fragment expressions will be removed in future versions of Thymeleaf.
2022-12-17T20:05:24.020+07:00  WARN 10720 --- [http-nio-8081-exec-8] actStandardFragmentInsertionTagProcessor : [THYMELEAF][http-nio-8081-exec-8][users/users] Deprecated unwrapped fragment expression "fragments :: column_link('lastName','Last Name')" found in template users/users, line 45, col 12. Please use the complete syntax of fragment expressions instead ("~{fragments :: column_link('lastName','Last Name')}"). The old, unwrapped syntax for fragment expressions will be removed in future versions of Thymeleaf.
2022-12-17T20:05:24.024+07:00  WARN 10720 --- [http-nio-8081-exec-8] actStandardFragmentInsertionTagProcessor : [THYMELEAF][http-nio-8081-exec-8][users/users] Deprecated unwrapped fragment expression "fragments :: column_link('enabled','Enabled')" found in template users/users, line 47, col 12. Please use the complete syntax of fragment expressions instead ("~{fragments :: column_link('enabled','Enabled')}"). The old, unwrapped syntax for fragment expressions will be removed in future versions of Thymeleaf.
2022-12-17T20:07:23.568+07:00  INFO 10720 --- [RMI TCP Connection(13)-127.0.0.1] inMXBeanRegistrar$SpringApplicationAdmin : Application shutdown requested.
2022-12-17T20:07:23.586+07:00  INFO 10720 --- [RMI TCP Connection(13)-127.0.0.1] o.apache.catalina.core.StandardService   : Stopping service [Tomcat]
2022-12-17T20:07:23.587+07:00  INFO 10720 --- [RMI TCP Connection(13)-127.0.0.1] o.a.c.c.C.[.[localhost].[/ShopTqkAdmin]  : Destroying Spring FrameworkServlet 'dispatcherServlet'
2022-12-17T20:07:23.595+07:00  WARN 10720 --- [RMI TCP Connection(13)-127.0.0.1] o.a.c.c.C.[.[localhost].[/ShopTqkAdmin]  : Cannot serialize session attribute [SPRING_SECURITY_CONTEXT] for session [F7FA1A64F611D3CA292EEE10F026D4A7]

java.io.NotSerializableException: com.shoptqk.common.entity.User
	at java.base/java.io.ObjectOutputStream.writeObject0(ObjectOutputStream.java:1187) ~[na:na]
	at java.base/java.io.ObjectOutputStream.defaultWriteFields(ObjectOutputStream.java:1572) ~[na:na]
	at java.base/java.io.ObjectOutputStream.writeSerialData(ObjectOutputStream.java:1529) ~[na:na]
	at java.base/java.io.ObjectOutputStream.writeOrdinaryObject(ObjectOutputStream.java:1438) ~[na:na]
	at java.base/java.io.ObjectOutputStream.writeObject0(ObjectOutputStream.java:1181) ~[na:na]
	at java.base/java.io.ObjectOutputStream.defaultWriteFields(ObjectOutputStream.java:1572) ~[na:na]
	at java.base/java.io.ObjectOutputStream.writeSerialData(ObjectOutputStream.java:1529) ~[na:na]
	at java.base/java.io.ObjectOutputStream.writeOrdinaryObject(ObjectOutputStream.java:1438) ~[na:na]
	at java.base/java.io.ObjectOutputStream.writeObject0(ObjectOutputStream.java:1181) ~[na:na]
	at java.base/java.io.ObjectOutputStream.defaultWriteFields(ObjectOutputStream.java:1572) ~[na:na]
	at java.base/java.io.ObjectOutputStream.writeSerialData(ObjectOutputStream.java:1529) ~[na:na]
	at java.base/java.io.ObjectOutputStream.writeOrdinaryObject(ObjectOutputStream.java:1438) ~[na:na]
	at java.base/java.io.ObjectOutputStream.writeObject0(ObjectOutputStream.java:1181) ~[na:na]
	at java.base/java.io.ObjectOutputStream.writeObject(ObjectOutputStream.java:350) ~[na:na]
	at org.apache.catalina.session.StandardSession.doWriteObject(StandardSession.java:1625) ~[tomcat-embed-core-10.1.1.jar:10.1.1]
	at org.apache.catalina.session.StandardSession.writeObjectData(StandardSession.java:1050) ~[tomcat-embed-core-10.1.1.jar:10.1.1]
	at org.apache.catalina.session.StandardManager.doUnload(StandardManager.java:317) ~[tomcat-embed-core-10.1.1.jar:10.1.1]
	at org.apache.catalina.session.StandardManager.unload(StandardManager.java:268) ~[tomcat-embed-core-10.1.1.jar:10.1.1]
	at org.apache.catalina.session.StandardManager.stopInternal(StandardManager.java:384) ~[tomcat-embed-core-10.1.1.jar:10.1.1]
	at org.apache.catalina.util.LifecycleBase.stop(LifecycleBase.java:257) ~[tomcat-embed-core-10.1.1.jar:10.1.1]
	at org.apache.catalina.core.StandardContext.stopInternal(StandardContext.java:5407) ~[tomcat-embed-core-10.1.1.jar:10.1.1]
	at org.apache.catalina.util.LifecycleBase.stop(LifecycleBase.java:257) ~[tomcat-embed-core-10.1.1.jar:10.1.1]
	at org.apache.catalina.core.ContainerBase$StopChild.call(ContainerBase.java:1412) ~[tomcat-embed-core-10.1.1.jar:10.1.1]
	at org.apache.catalina.core.ContainerBase$StopChild.call(ContainerBase.java:1401) ~[tomcat-embed-core-10.1.1.jar:10.1.1]
	at java.base/java.util.concurrent.FutureTask.run(FutureTask.java:264) ~[na:na]
	at org.apache.tomcat.util.threads.InlineExecutorService.execute(InlineExecutorService.java:75) ~[tomcat-embed-core-10.1.1.jar:10.1.1]
	at java.base/java.util.concurrent.AbstractExecutorService.submit(AbstractExecutorService.java:145) ~[na:na]
	at org.apache.catalina.core.ContainerBase.stopInternal(ContainerBase.java:986) ~[tomcat-embed-core-10.1.1.jar:10.1.1]
	at org.apache.catalina.util.LifecycleBase.stop(LifecycleBase.java:257) ~[tomcat-embed-core-10.1.1.jar:10.1.1]
	at org.apache.catalina.core.ContainerBase$StopChild.call(ContainerBase.java:1412) ~[tomcat-embed-core-10.1.1.jar:10.1.1]
	at org.apache.catalina.core.ContainerBase$StopChild.call(ContainerBase.java:1401) ~[tomcat-embed-core-10.1.1.jar:10.1.1]
	at java.base/java.util.concurrent.FutureTask.run(FutureTask.java:264) ~[na:na]
	at org.apache.tomcat.util.threads.InlineExecutorService.execute(InlineExecutorService.java:75) ~[tomcat-embed-core-10.1.1.jar:10.1.1]
	at java.base/java.util.concurrent.AbstractExecutorService.submit(AbstractExecutorService.java:145) ~[na:na]
	at org.apache.catalina.core.ContainerBase.stopInternal(ContainerBase.java:986) ~[tomcat-embed-core-10.1.1.jar:10.1.1]
	at org.apache.catalina.util.LifecycleBase.stop(LifecycleBase.java:257) ~[tomcat-embed-core-10.1.1.jar:10.1.1]
	at org.apache.catalina.core.StandardService.stopInternal(StandardService.java:497) ~[tomcat-embed-core-10.1.1.jar:10.1.1]
	at org.apache.catalina.util.LifecycleBase.stop(LifecycleBase.java:257) ~[tomcat-embed-core-10.1.1.jar:10.1.1]
	at org.apache.catalina.core.StandardServer.stopInternal(StandardServer.java:978) ~[tomcat-embed-core-10.1.1.jar:10.1.1]
	at org.apache.catalina.util.LifecycleBase.stop(LifecycleBase.java:257) ~[tomcat-embed-core-10.1.1.jar:10.1.1]
	at org.apache.catalina.startup.Tomcat.stop(Tomcat.java:495) ~[tomcat-embed-core-10.1.1.jar:10.1.1]
	at org.springframework.boot.web.embedded.tomcat.TomcatWebServer.stopTomcat(TomcatWebServer.java:279) ~[spring-boot-3.0.0.jar:3.0.0]
	at org.springframework.boot.web.embedded.tomcat.TomcatWebServer.stop(TomcatWebServer.java:337) ~[spring-boot-3.0.0.jar:3.0.0]
	at org.springframework.boot.web.servlet.context.WebServerStartStopLifecycle.stop(WebServerStartStopLifecycle.java:53) ~[spring-boot-3.0.0.jar:3.0.0]
	at org.springframework.context.SmartLifecycle.stop(SmartLifecycle.java:117) ~[spring-context-6.0.2.jar:6.0.2]
	at org.springframework.context.support.DefaultLifecycleProcessor.doStop(DefaultLifecycleProcessor.java:234) ~[spring-context-6.0.2.jar:6.0.2]
	at org.springframework.context.support.DefaultLifecycleProcessor$LifecycleGroup.stop(DefaultLifecycleProcessor.java:373) ~[spring-context-6.0.2.jar:6.0.2]
	at org.springframework.context.support.DefaultLifecycleProcessor.stopBeans(DefaultLifecycleProcessor.java:206) ~[spring-context-6.0.2.jar:6.0.2]
	at org.springframework.context.support.DefaultLifecycleProcessor.onClose(DefaultLifecycleProcessor.java:129) ~[spring-context-6.0.2.jar:6.0.2]
	at org.springframework.context.support.AbstractApplicationContext.doClose(AbstractApplicationContext.java:1043) ~[spring-context-6.0.2.jar:6.0.2]
	at org.springframework.boot.web.servlet.context.ServletWebServerApplicationContext.doClose(ServletWebServerApplicationContext.java:173) ~[spring-boot-3.0.0.jar:3.0.0]
	at org.springframework.context.support.AbstractApplicationContext.close(AbstractApplicationContext.java:1001) ~[spring-context-6.0.2.jar:6.0.2]
	at org.springframework.boot.admin.SpringApplicationAdminMXBeanRegistrar$SpringApplicationAdmin.shutdown(SpringApplicationAdminMXBeanRegistrar.java:160) ~[spring-boot-3.0.0.jar:3.0.0]
	at java.base/jdk.internal.reflect.NativeMethodAccessorImpl.invoke0(Native Method) ~[na:na]
	at java.base/jdk.internal.reflect.NativeMethodAccessorImpl.invoke(NativeMethodAccessorImpl.java:77) ~[na:na]
	at java.base/jdk.internal.reflect.DelegatingMethodAccessorImpl.invoke(DelegatingMethodAccessorImpl.java:43) ~[na:na]
	at java.base/java.lang.reflect.Method.invoke(Method.java:568) ~[na:na]
	at sun.reflect.misc.Trampoline.invoke(MethodUtil.java:72) ~[na:na]
	at jdk.internal.reflect.GeneratedMethodAccessor33.invoke(Unknown Source) ~[na:na]
	at java.base/jdk.internal.reflect.DelegatingMethodAccessorImpl.invoke(DelegatingMethodAccessorImpl.java:43) ~[na:na]
	at java.base/java.lang.reflect.Method.invoke(Method.java:568) ~[na:na]
	at java.base/sun.reflect.misc.MethodUtil.invoke(MethodUtil.java:262) ~[na:na]
	at java.management/com.sun.jmx.mbeanserver.ConvertingMethod.invokeWithOpenReturn(ConvertingMethod.java:193) ~[na:na]
	at java.management/com.sun.jmx.mbeanserver.ConvertingMethod.invokeWithOpenReturn(ConvertingMethod.java:175) ~[na:na]
	at java.management/com.sun.jmx.mbeanserver.MXBeanIntrospector.invokeM2(MXBeanIntrospector.java:117) ~[na:na]
	at java.management/com.sun.jmx.mbeanserver.MXBeanIntrospector.invokeM2(MXBeanIntrospector.java:54) ~[na:na]
	at java.management/com.sun.jmx.mbeanserver.MBeanIntrospector.invokeM(MBeanIntrospector.java:237) ~[na:na]
	at java.management/com.sun.jmx.mbeanserver.PerInterface.invoke(PerInterface.java:138) ~[na:na]
	at java.management/com.sun.jmx.mbeanserver.MBeanSupport.invoke(MBeanSupport.java:252) ~[na:na]
	at java.management/com.sun.jmx.interceptor.DefaultMBeanServerInterceptor.invoke(DefaultMBeanServerInterceptor.java:814) ~[na:na]
	at java.management/com.sun.jmx.mbeanserver.JmxMBeanServer.invoke(JmxMBeanServer.java:802) ~[na:na]
	at java.management.rmi/javax.management.remote.rmi.RMIConnectionImpl.doOperation(RMIConnectionImpl.java:1472) ~[na:na]
	at java.management.rmi/javax.management.remote.rmi.RMIConnectionImpl$PrivilegedOperation.run(RMIConnectionImpl.java:1310) ~[na:na]
	at java.management.rmi/javax.management.remote.rmi.RMIConnectionImpl.doPrivilegedOperation(RMIConnectionImpl.java:1405) ~[na:na]
	at java.management.rmi/javax.management.remote.rmi.RMIConnectionImpl.invoke(RMIConnectionImpl.java:829) ~[na:na]
	at java.base/jdk.internal.reflect.GeneratedMethodAccessor35.invoke(Unknown Source) ~[na:na]
	at java.base/jdk.internal.reflect.DelegatingMethodAccessorImpl.invoke(DelegatingMethodAccessorImpl.java:43) ~[na:na]
	at java.base/java.lang.reflect.Method.invoke(Method.java:568) ~[na:na]
	at java.rmi/sun.rmi.server.UnicastServerRef.dispatch(UnicastServerRef.java:360) ~[na:na]
	at java.rmi/sun.rmi.transport.Transport$1.run(Transport.java:200) ~[na:na]
	at java.rmi/sun.rmi.transport.Transport$1.run(Transport.java:197) ~[na:na]
	at java.base/java.security.AccessController.doPrivileged(AccessController.java:712) ~[na:na]
	at java.rmi/sun.rmi.transport.Transport.serviceCall(Transport.java:196) ~[na:na]
	at java.rmi/sun.rmi.transport.tcp.TCPTransport.handleMessages(TCPTransport.java:587) ~[na:na]
	at java.rmi/sun.rmi.transport.tcp.TCPTransport$ConnectionHandler.run0(TCPTransport.java:828) ~[na:na]
	at java.rmi/sun.rmi.transport.tcp.TCPTransport$ConnectionHandler.lambda$run$0(TCPTransport.java:705) ~[na:na]
	at java.base/java.security.AccessController.doPrivileged(AccessController.java:399) ~[na:na]
	at java.rmi/sun.rmi.transport.tcp.TCPTransport$ConnectionHandler.run(TCPTransport.java:704) ~[na:na]
	at java.base/java.util.concurrent.ThreadPoolExecutor.runWorker(ThreadPoolExecutor.java:1136) ~[na:na]
	at java.base/java.util.concurrent.ThreadPoolExecutor$Worker.run(ThreadPoolExecutor.java:635) ~[na:na]
	at java.base/java.lang.Thread.run(Thread.java:833) ~[na:na]

2022-12-17T20:07:23.610+07:00  INFO 10720 --- [RMI TCP Connection(13)-127.0.0.1] j.LocalContainerEntityManagerFactoryBean : Closing JPA EntityManagerFactory for persistence unit 'default'
2022-12-17T20:07:23.612+07:00  INFO 10720 --- [RMI TCP Connection(13)-127.0.0.1] com.zaxxer.hikari.HikariDataSource       : HikariPool-1 - Shutdown initiated...
2022-12-17T20:07:23.619+07:00  INFO 10720 --- [RMI TCP Connection(13)-127.0.0.1] com.zaxxer.hikari.HikariDataSource       : HikariPool-1 - Shutdown completed.
